img/firefox/google.com-240px.png
min: 17.67578125
max: 234.28515625
avg: 159.069362495
time: 7.95754528046

img/firefox/google.com-780px.png
min: 20.0390625
max: 233.6796875
avg: 160.826291558
time: 7.61131520271

img/firefox/google.com-1320px.png
min: 20.05859375
max: 239.3359375
avg: 162.198159985
time: 7.76116719246

img/firefox/google.com-1920px.png
min: 19.80078125
max: 242.58203125
avg: 161.290799145
time: 7.65356051922

img/firefox/www.facebook.com-240px.png
min: 19.52734375
max: 250.08984375
avg: 172.953140519
time: 8.9796423912

img/firefox/www.facebook.com-780px.png
min: 19.60546875
max: 255.09375
avg: 169.008901127
time: 8.42744157314

img/firefox/www.facebook.com-1320px.png
min: 19.63671875
max: 249.6875
avg: 166.994899673
time: 8.40340089798

img/firefox/www.facebook.com-1920px.png
min: 19.68359375
max: 257.46875
avg: 172.210821462
time: 8.81774449348

img/firefox/habrahabr.ru-240px.png
min: 19.68359375
max: 410.9453125
avg: 253.900856732
time: 14.4994915247

img/firefox/habrahabr.ru-780px.png
min: 27.01171875
max: 412.15234375
avg: 257.32344054
time: 14.2689841032

img/firefox/habrahabr.ru-1320px.png
min: 27.27734375
max: 463.42578125
avg: 293.763483633
time: 17.0169933558

img/firefox/habrahabr.ru-1920px.png
min: 31.2578125
max: 490.4609375
avg: 322.806553005
time: 19.3667264938

img/firefox/wbtech.pro-240px.png
min: 39.109375
max: 271.5625
avg: 198.41041643
time: 7.445281744

img/firefox/wbtech.pro-780px.png
min: 39.1328125
max: 272.02734375
avg: 197.098521093
time: 7.30368392467

img/firefox/wbtech.pro-1320px.png
min: 39.16015625
max: 272.75390625
avg: 197.682786963
time: 7.38860299587

img/firefox/wbtech.pro-1920px.png
min: 39.16015625
max: 277.42578125
avg: 197.412813012
time: 7.48649129868

