img/phantomjs2/google.com-240px.png
min: 57.8203125
max: 228.921875
avg: 131.255107407
time: 2.73822984695

img/phantomjs2/google.com-780px.png
min: 58.7421875
max: 233.66015625
avg: 133.343669884
time: 2.66407690048

img/phantomjs2/google.com-1320px.png
min: 58.8125
max: 233.76171875
avg: 133.791692694
time: 2.56250739098

img/phantomjs2/google.com-1920px.png
min: 58.86328125
max: 236.265625
avg: 134.779298695
time: 2.55795032978

img/phantomjs2/www.facebook.com-240px.png
min: 58.65234375
max: 224.80078125
avg: 133.652330626
time: 2.73078076839

img/phantomjs2/www.facebook.com-780px.png
min: 58.87890625
max: 260.5859375
avg: 133.700697943
time: 2.86119656563

img/phantomjs2/www.facebook.com-1320px.png
min: 58.88671875
max: 234.41796875
avg: 134.159340596
time: 2.77869420052

img/phantomjs2/www.facebook.com-1920px.png
min: 58.9453125
max: 230.5546875
avg: 134.136663913
time: 2.86394920349

img/phantomjs2/habrahabr.ru-240px.png
min: 58.95703125
max: 287.21484375
avg: 177.603508159
time: 5.38108596802

img/phantomjs2/habrahabr.ru-780px.png
min: 62.609375
max: 277.0859375
avg: 178.04091016
time: 4.79345829487

img/phantomjs2/habrahabr.ru-1320px.png
min: 62.6328125
max: 316.89453125
avg: 187.775289549
time: 5.16334118843

img/phantomjs2/habrahabr.ru-1920px.png
min: 97.66796875
max: 340.078125
avg: 227.165835424
time: 5.59498693943

img/phantomjs2/wbtech.pro-240px.png
min: 97.88671875
max: 256.85546875
avg: 173.087356143
time: 2.68351891041

img/phantomjs2/wbtech.pro-780px.png
min: 97.88671875
max: 261.2890625
avg: 174.953747331
time: 2.5996868372

img/phantomjs2/wbtech.pro-1320px.png
min: 97.88671875
max: 260.80859375
avg: 174.676914671
time: 2.77748160362

img/phantomjs2/wbtech.pro-1920px.png
min: 97.88671875
max: 265.20703125
avg: 177.352312981
time: 2.80392079353

