img/phantomjs/google.com-240px.png
min: 17.62890625
max: 18.34765625
avg: 18.3129413627
time: 3.86604015827

img/phantomjs/google.com-780px.png
min: 18.34375
max: 18.34765625
avg: 18.3437605574
time: 4.20154778957

img/phantomjs/google.com-1320px.png
min: 18.34375
max: 18.359375
avg: 18.3543594278
time: 3.70682282448

img/phantomjs/google.com-1920px.png
min: 18.35546875
max: 18.41015625
avg: 18.3899770599
time: 4.10528922081

img/phantomjs/www.facebook.com-240px.png
min: 18.171875
max: 18.50390625
avg: 18.3414507588
time: 4.07525680065

img/phantomjs/www.facebook.com-780px.png
min: 18.3671875
max: 19.3125
avg: 18.4664841689
time: 3.73152086735

img/phantomjs/www.facebook.com-1320px.png
min: 18.40234375
max: 19.17578125
avg: 18.4249384355
time: 4.78964657784

img/phantomjs/www.facebook.com-1920px.png
min: 18.21875
max: 19.6484375
avg: 18.5248189947
time: 4.39243066311

img/phantomjs/habrahabr.ru-240px.png
min: 18.21875
max: 50.3359375
avg: 23.7095132343
time: 10.3859457731

img/phantomjs/habrahabr.ru-780px.png
min: 23.47265625
max: 52.76171875
avg: 24.5738953344
time: 9.50024018288

