img/phantomjs2-no_selenium/google.com-240px.png
min: 57.73046875
max: 224.8046875
avg: 127.231317074
time: 2.28697268963

img/phantomjs2-no_selenium/google.com-780px.png
min: 57.859375
max: 223.57421875
avg: 129.084537122
time: 2.03651404381

img/phantomjs2-no_selenium/google.com-1320px.png
min: 57.859375
max: 209.77734375
avg: 129.446651603
time: 2.04790878296

img/phantomjs2-no_selenium/google.com-1920px.png
min: 57.859375
max: 228.265625
avg: 131.361211623
time: 2.08723666668

img/phantomjs2-no_selenium/www.facebook.com-240px.png
min: 57.859375
max: 226.4375
avg: 128.03553478
time: 1.91014184952

img/phantomjs2-no_selenium/www.facebook.com-780px.png
min: 57.859375
max: 223.02734375
avg: 127.780402555
time: 1.93685843945

img/phantomjs2-no_selenium/www.facebook.com-1320px.png
min: 57.859375
max: 217.62109375
avg: 127.209328406
time: 1.84506719112

img/phantomjs2-no_selenium/www.facebook.com-1920px.png
min: 57.859375
max: 258.73828125
avg: 131.926942137
time: 2.79357130527

img/phantomjs2-no_selenium/habrahabr.ru-240px.png
min: 57.859375
max: 263.82421875
avg: 169.148834365
time: 3.7008752346

img/phantomjs2-no_selenium/habrahabr.ru-780px.png
min: 57.859375
max: 265.1875
avg: 170.180055112
time: 3.6100086689

img/phantomjs2-no_selenium/habrahabr.ru-1320px.png
min: 57.859375
max: 268.50390625
avg: 176.063445798
time: 3.755864501

img/phantomjs2-no_selenium/habrahabr.ru-1920px.png
min: 57.859375
max: 284.921875
avg: 187.735124869
time: 4.49910318851

img/phantomjs2-no_selenium/wbtech.pro-240px.png
min: 57.859375
max: 206.79296875
avg: 122.760366587
time: 1.39852902889

img/phantomjs2-no_selenium/wbtech.pro-780px.png
min: 57.859375
max: 209.796875
avg: 125.091002747
time: 1.5189193964

img/phantomjs2-no_selenium/wbtech.pro-1320px.png
min: 57.859375
max: 209.3984375
avg: 127.177092634
time: 1.57745428085

img/phantomjs2-no_selenium/wbtech.pro-1920px.png
min: 57.859375
max: 213.984375
avg: 128.653984375
time: 1.69512104988

