img/slimerjs10/google.com-240px.png
min: 17.64453125
max: 20.7109375
avg: 20.587128025
time: 4.3745882988

img/slimerjs10/google.com-780px.png
min: 17.64453125
max: 20.7109375
avg: 20.600520313
time: 4.35519585609

img/slimerjs10/google.com-1320px.png
min: 17.64453125
max: 20.71484375
avg: 20.593625635
time: 4.4432268858

img/slimerjs10/google.com-1920px.png
min: 17.64453125
max: 20.7109375
avg: 20.5754138615
time: 4.53334040642

img/slimerjs10/www.facebook.com-240px.png
min: 17.64453125
max: 20.7109375
avg: 20.5710951565
time: 4.11055636406

img/slimerjs10/www.facebook.com-780px.png
min: 17.64453125
max: 20.7109375
avg: 20.5850787544
time: 4.37414796352

img/slimerjs10/www.facebook.com-1320px.png
min: 17.64453125
max: 20.70703125
avg: 20.5827505366
time: 4.21438107491

img/slimerjs10/www.facebook.com-1920px.png
min: 17.64453125
max: 20.7109375
avg: 20.5860492609
time: 4.51119060516

img/slimerjs10/habrahabr.ru-240px.png
min: 17.640625
max: 20.7109375
avg: 20.6117105676
time: 9.87211821079

img/slimerjs10/habrahabr.ru-780px.png
min: 17.64453125
max: 20.7109375
avg: 20.6280209471
time: 7.81039869785

img/slimerjs10/habrahabr.ru-1320px.png
min: 17.64453125
max: 20.7109375
avg: 20.62203458
time: 8.2580242157

img/slimerjs10/habrahabr.ru-1920px.png
min: 17.64453125
max: 20.73046875
avg: 20.6382017152
time: 8.9771250248

img/slimerjs10/wbtech.pro-240px.png
min: 17.64453125
max: 20.7265625
avg: 20.5872900866
time: 3.52312455177

img/slimerjs10/wbtech.pro-780px.png
min: 17.64453125
max: 20.7109375
avg: 20.5964548518
time: 3.89015059471

img/slimerjs10/wbtech.pro-1320px.png
min: 17.64453125
max: 20.7109375
avg: 20.582880364
time: 3.98789930344

img/slimerjs10/wbtech.pro-1920px.png
min: 17.64453125
max: 20.7265625
avg: 20.5860961025
time: 4.04333567619

