img/slimerjs/google.com-240px.png
min: 17.6796875
max: 20.734375
avg: 20.6009886531
time: 4.59004821777

img/slimerjs/google.com-780px.png
min: 17.68359375
max: 20.71875
avg: 20.6151785953
time: 4.81257493496

img/slimerjs/google.com-1320px.png
min: 17.68359375
max: 20.734375
avg: 20.6193103768
time: 4.8138449192

img/slimerjs/google.com-1920px.png
min: 17.68359375
max: 20.734375
avg: 20.6272910959
time: 5.09860827923

img/slimerjs/www.facebook.com-240px.png
min: 17.68359375
max: 20.72265625
avg: 20.6162579665
time: 4.55970160961

img/slimerjs/www.facebook.com-780px.png
min: 17.68359375
max: 20.71875
avg: 20.6158965127
time: 4.46656746864

img/slimerjs/www.facebook.com-1320px.png
min: 17.68359375
max: 20.734375
avg: 20.6041936759
time: 4.08124475479

img/slimerjs/www.facebook.com-1920px.png
min: 17.68359375
max: 20.71875
avg: 20.6208627672
time: 5.77843198776

img/slimerjs/habrahabr.ru-240px.png
min: 17.59765625
max: 20.70703125
avg: 20.5870678431
time: 9.27145340443

img/slimerjs/habrahabr.ru-780px.png
min: 17.59375
max: 20.640625
avg: 20.5628692065
time: 8.19896929264

img/slimerjs/habrahabr.ru-1320px.png
min: 17.59375
max: 20.63671875
avg: 20.5539164926
time: 8.66341063976

img/slimerjs/habrahabr.ru-1920px.png
min: 17.59375
max: 20.62890625
avg: 20.5661955596
time: 9.41494250298

img/slimerjs/wbtech.pro-240px.png
min: 17.59375
max: 20.64453125
avg: 20.5208346618
time: 3.89707453251

img/slimerjs/wbtech.pro-780px.png
min: 17.59375
max: 20.64453125
avg: 20.5217220284
time: 4.35012469292

img/slimerjs/wbtech.pro-1320px.png
min: 17.59375
max: 20.625
avg: 20.5293201978
time: 4.26711051464

img/slimerjs/wbtech.pro-1920px.png
min: 17.59375
max: 20.640625
avg: 20.5072613832
time: 3.95119605064

