img/splash/google.com-240px.png
min: 15.48828125
max: 15.5546875
avg: 15.5322265625
time: 0.46734380722

img/splash/google.com-780px.png
min: 15.55078125
max: 15.5546875
avg: 15.5509486607
time: 0.479264068604

img/splash/google.com-1320px.png
min: 15.55078125
max: 15.5546875
avg: 15.5508246528
time: 0.665001916885

img/splash/google.com-1920px.png
min: 15.55078125
max: 15.5546875
avg: 15.5508463542
time: 0.92486243248

img/splash/www.facebook.com-240px.png
min: 15.55078125
max: 15.5546875
avg: 15.5508928571
time: 0.48585858345

img/splash/www.facebook.com-780px.png
min: 15.55078125
max: 15.5546875
avg: 15.5509277344
time: 0.53360145092

img/splash/www.facebook.com-1320px.png
min: 15.55078125
max: 15.5546875
avg: 15.5508246528
time: 0.705405545235

img/splash/www.facebook.com-1920px.png
min: 15.55078125
max: 15.55078125
avg: 15.55078125
time: 1.01909034252

img/splash/habrahabr.ru-240px.png
min: 15.55078125
max: 15.5546875
avg: 15.5509678819
time: 0.877144861221

img/splash/habrahabr.ru-780px.png
min: 15.55078125
max: 15.5546875
avg: 15.5508802379
time: 0.956448173523

img/splash/habrahabr.ru-1320px.png
min: 15.55078125
max: 15.5546875
avg: 15.5508417039
time: 1.12654910088

img/splash/habrahabr.ru-1920px.png
min: 15.4609375
max: 15.55078125
avg: 15.5294433594
time: 1.5736651659

img/splash/wbtech.pro-240px.png
min: 15.4609375
max: 15.46484375
avg: 15.4611816406
time: 0.379498338699

img/splash/wbtech.pro-780px.png
min: 15.4609375
max: 15.46484375
avg: 15.4610584077
time: 0.456891512871

img/splash/wbtech.pro-1320px.png
min: 15.4609375
max: 15.46484375
avg: 15.4611935764
time: 0.67238817215

img/splash/wbtech.pro-1920px.png
min: 15.4609375
max: 15.46484375
avg: 15.4611032197
time: 0.969845223427

